#
# There is insufficient memory for the Java Runtime Environment to continue.
# Native memory allocation (malloc) failed to allocate 32744 bytes for ChunkPool::allocate
# Possible reasons:
#   The system is out of physical RAM or swap space
#   The process is running with CompressedOops enabled, and the Java Heap may be blocking the growth of the native heap
# Possible solutions:
#   Reduce memory load on the system
#   Increase physical memory or swap space
#   Check if swap backing store is full
#   Decrease Java heap size (-Xmx/-Xms)
#   Decrease number of Java threads
#   Decrease Java thread stack sizes (-Xss)
#   Set larger code cache with -XX:ReservedCodeCacheSize=
#   JVM is running with Unscaled Compressed Oops mode in which the Java heap is
#     placed in the first 4GB address space. The Java Heap base address is the
#     maximum limit for the native heap growth. Please use -XX:HeapBaseMinAddress
#     to set the Java Heap base and to place the Java Heap above 4GB virtual address.
# This output file may be truncated or incomplete.
#
#  Out of Memory Error (arena.cpp:79), pid=14684, tid=7456
#
# JRE version: Java(TM) SE Runtime Environment (16.0.2+7) (build 16.0.2+7-67)
# Java VM: Java HotSpot(TM) 64-Bit Server VM (16.0.2+7-67, mixed mode, sharing, tiered, compressed oops, compressed class ptrs, g1 gc, windows-amd64)
# No core dump will be written. Minidumps are not enabled by default on client versions of Windows
#

---------------  S U M M A R Y ------------

Command Line: -Dfile.encoding=UTF-8 --module-path=C:\Users\USER\Documents\NetBeansProjects\ProyectoFinal\build\classes Ventanas.Boleta

Host: Intel(R) Core(TM) i5-10400 CPU @ 2.90GHz, 12 cores, 7G,  Windows 10 , 64 bit Build 19041 (10.0.19041.1202)
Time: Fri Sep 24 02:42:45 2021 Hora est. Pacífico, Sudamérica elapsed time: 6.083936 seconds (0d 0h 0m 6s)

---------------  T H R E A D  ---------------

Current thread (0x00000212f88e7080):  JavaThread "C2 CompilerThread0" daemon [_thread_in_native, id=7456, stack(0x0000009c14400000,0x0000009c14500000)]


Current CompileTask:
C2:   6083 1808 %     4       sun.java2d.marlin.DRenderer::_endRendering @ 256 (2480 bytes)

Stack: [0x0000009c14400000,0x0000009c14500000]
Native frames: (J=compiled Java code, j=interpreted, Vv=VM code, C=native code)
V  [jvm.dll+0x6681ca]
V  [jvm.dll+0x7c9e69]
V  [jvm.dll+0x7cb61e]
V  [jvm.dll+0x7cbc73]
V  [jvm.dll+0x242c55]
V  [jvm.dll+0xae10f]
V  [jvm.dll+0xae45c]
V  [jvm.dll+0x11b8d8]
V  [jvm.dll+0x691c61]
V  [jvm.dll+0x1b9d8d]
V  [jvm.dll+0x215e16]
V  [jvm.dll+0x215100]
V  [jvm.dll+0x1a1beb]
V  [jvm.dll+0x225158]
V  [jvm.dll+0x22319c]
V  [jvm.dll+0x77fa62]
V  [jvm.dll+0x7795aa]
V  [jvm.dll+0x667066]
C  [ucrtbase.dll+0x21bb2]
C  [KERNEL32.DLL+0x17034]
C  [ntdll.dll+0x52651]


---------------  P R O C E S S  ---------------

Threads class SMR info:
_java_thread_list=0x00000212fa87fcd0, length=18, elements={
0x00000212f88d4e30, 0x00000212f88d60a0, 0x00000212f88e2ad0, 0x00000212f88e31f0,
0x00000212f88e80f0, 0x00000212f88e5a00, 0x00000212f88e7080, 0x00000212f88f4e00,
0x00000212f8905340, 0x00000212f88b2180, 0x00000212f94e27a0, 0x00000212f96b3020,
0x00000212f96b3540, 0x00000212f96b3a60, 0x00000212f9707560, 0x00000212d85b7a80,
0x00000212fa716200, 0x00000212fa9f4fb0
}

Java Threads: ( => current thread )
  0x00000212f88d4e30 JavaThread "Reference Handler" daemon [_thread_blocked, id=8276, stack(0x0000009c13e00000,0x0000009c13f00000)]
  0x00000212f88d60a0 JavaThread "Finalizer" daemon [_thread_blocked, id=10612, stack(0x0000009c13f00000,0x0000009c14000000)]
  0x00000212f88e2ad0 JavaThread "Signal Dispatcher" daemon [_thread_blocked, id=16860, stack(0x0000009c14000000,0x0000009c14100000)]
  0x00000212f88e31f0 JavaThread "Attach Listener" daemon [_thread_blocked, id=10676, stack(0x0000009c14100000,0x0000009c14200000)]
  0x00000212f88e80f0 JavaThread "Service Thread" daemon [_thread_blocked, id=10208, stack(0x0000009c14200000,0x0000009c14300000)]
  0x00000212f88e5a00 JavaThread "Monitor Deflation Thread" daemon [_thread_blocked, id=1952, stack(0x0000009c14300000,0x0000009c14400000)]
=>0x00000212f88e7080 JavaThread "C2 CompilerThread0" daemon [_thread_in_native, id=7456, stack(0x0000009c14400000,0x0000009c14500000)]
  0x00000212f88f4e00 JavaThread "C1 CompilerThread0" daemon [_thread_blocked, id=16312, stack(0x0000009c14500000,0x0000009c14600000)]
  0x00000212f8905340 JavaThread "Sweeper thread" daemon [_thread_blocked, id=9564, stack(0x0000009c14600000,0x0000009c14700000)]
  0x00000212f88b2180 JavaThread "Common-Cleaner" daemon [_thread_blocked, id=7000, stack(0x0000009c14700000,0x0000009c14800000)]
  0x00000212f94e27a0 JavaThread "Notification Thread" daemon [_thread_blocked, id=17428, stack(0x0000009c14800000,0x0000009c14900000)]
  0x00000212f96b3020 JavaThread "Java2D Disposer" daemon [_thread_blocked, id=8800, stack(0x0000009c14a00000,0x0000009c14b00000)]
  0x00000212f96b3540 JavaThread "AWT-Shutdown" [_thread_blocked, id=9700, stack(0x0000009c14b00000,0x0000009c14c00000)]
  0x00000212f96b3a60 JavaThread "AWT-Windows" daemon [_thread_in_native, id=5332, stack(0x0000009c14c00000,0x0000009c14d00000)]
  0x00000212f9707560 JavaThread "AWT-EventQueue-0" [_thread_in_vm, id=10328, stack(0x0000009c14d00000,0x0000009c14e00000)]
  0x00000212d85b7a80 JavaThread "DestroyJavaVM" [_thread_blocked, id=18176, stack(0x0000009c13700000,0x0000009c13800000)]
  0x00000212fa716200 JavaThread "TimerQueue" daemon [_thread_blocked, id=13212, stack(0x0000009c14e00000,0x0000009c14f00000)]
  0x00000212fa9f4fb0 JavaThread "C2 CompilerThread1" daemon [_thread_blocked, id=7044, stack(0x0000009c15200000,0x0000009c15300000)]

Other Threads:
  0x00000212f88cfa30 VMThread "VM Thread" [stack: 0x0000009c13d00000,0x0000009c13e00000] [id=3508]
  0x00000212d85b8b00 WatcherThread [stack: 0x0000009c14900000,0x0000009c14a00000] [id=12292]
  0x00000212d85f7d10 GCTaskThread "GC Thread#0" [stack: 0x0000009c13800000,0x0000009c13900000] [id=15428]
  0x00000212d8609d60 ConcurrentGCThread "G1 Main Marker" [stack: 0x0000009c13900000,0x0000009c13a00000] [id=10400]
  0x00000212d860aff0 ConcurrentGCThread "G1 Conc#0" [stack: 0x0000009c13a00000,0x0000009c13b00000] [id=12440]
  0x00000212d869cb60 ConcurrentGCThread "G1 Refine#0" [stack: 0x0000009c13b00000,0x0000009c13c00000] [id=10336]
  0x00000212f8780360 ConcurrentGCThread "G1 Service" [stack: 0x0000009c13c00000,0x0000009c13d00000] [id=11820]

Threads with active compile tasks:
C2 CompilerThread0     6103 1808 %     4       sun.java2d.marlin.DRenderer::_endRendering @ 256 (2480 bytes)

VM state: not at safepoint (normal execution)

VM Mutex/Monitor currently owned by a thread: None

Heap address: 0x0000000082800000, size: 2008 MB, Compressed Oops mode: 32-bit

CDS archive(s) mapped at: [0x0000000800000000-0x0000000800bb0000-0x0000000800bb0000), size 12255232, SharedBaseAddress: 0x0000000800000000, ArchiveRelocationMode: 0.
Compressed class space mapped at: 0x0000000800c00000-0x0000000840c00000, reserved size: 1073741824
Narrow klass base: 0x0000000800000000, Narrow klass shift: 3, Narrow klass range: 0x100000000

GC Precious Log:
 CPUs: 12 total, 12 available
 Memory: 8031M
 Large Page Support: Disabled
 NUMA Support: Disabled
 Compressed Oops: Enabled (32-bit)
 Heap Region Size: 1M
 Heap Min Capacity: 8M
 Heap Initial Capacity: 126M
 Heap Max Capacity: 2008M
 Pre-touch: Disabled
 Parallel Workers: 10
 Concurrent Workers: 3
 Concurrent Refinement Workers: 10
 Periodic GC: Disabled

Heap:
 garbage-first heap   total 129024K, used 21504K [0x0000000082800000, 0x0000000100000000)
  region size 1024K, 17 young (17408K), 0 survivors (0K)
 Metaspace       used 12228K, committed 12480K, reserved 1064960K
  class space    used 1390K, committed 1472K, reserved 1048576K

Heap Regions: E=young(eden), S=young(survivor), O=old, HS=humongous(starts), HC=humongous(continues), CS=collection set, F=free, OA=open archive, CA=closed archive, TAMS=top-at-mark-start (previous, next)
|   0|0x0000000082800000, 0x0000000082900000, 0x0000000082900000|100%|HS|  |TAMS 0x0000000082800000, 0x0000000082800000| Complete 
|   1|0x0000000082900000, 0x0000000082a00000, 0x0000000082a00000|100%|HC|  |TAMS 0x0000000082900000, 0x0000000082900000| Complete 
|   2|0x0000000082a00000, 0x0000000082b00000, 0x0000000082b00000|100%|HS|  |TAMS 0x0000000082a00000, 0x0000000082a00000| Complete 
|   3|0x0000000082b00000, 0x0000000082c00000, 0x0000000082c00000|100%|HC|  |TAMS 0x0000000082b00000, 0x0000000082b00000| Complete 
|   4|0x0000000082c00000, 0x0000000082d00000, 0x0000000082d00000|100%|HC|  |TAMS 0x0000000082c00000, 0x0000000082c00000| Complete 
|   5|0x0000000082d00000, 0x0000000082d00000, 0x0000000082e00000|  0%| F|  |TAMS 0x0000000082d00000, 0x0000000082d00000| Untracked 
|   6|0x0000000082e00000, 0x0000000082e00000, 0x0000000082f00000|  0%| F|  |TAMS 0x0000000082e00000, 0x0000000082e00000| Untracked 
|   7|0x0000000082f00000, 0x0000000082f00000, 0x0000000083000000|  0%| F|  |TAMS 0x0000000082f00000, 0x0000000082f00000| Untracked 
|   8|0x0000000083000000, 0x0000000083000000, 0x0000000083100000|  0%| F|  |TAMS 0x0000000083000000, 0x0000000083000000| Untracked 
|   9|0x0000000083100000, 0x0000000083100000, 0x0000000083200000|  0%| F|  |TAMS 0x0000000083100000, 0x0000000083100000| Untracked 
|  10|0x0000000083200000, 0x0000000083200000, 0x0000000083300000|  0%| F|  |TAMS 0x0000000083200000, 0x0000000083200000| Untracked 
|  11|0x0000000083300000, 0x0000000083300000, 0x0000000083400000|  0%| F|  |TAMS 0x0000000083300000, 0x0000000083300000| Untracked 
|  12|0x0000000083400000, 0x0000000083400000, 0x0000000083500000|  0%| F|  |TAMS 0x0000000083400000, 0x0000000083400000| Untracked 
|  13|0x0000000083500000, 0x0000000083500000, 0x0000000083600000|  0%| F|  |TAMS 0x0000000083500000, 0x0000000083500000| Untracked 
|  14|0x0000000083600000, 0x0000000083600000, 0x0000000083700000|  0%| F|  |TAMS 0x0000000083600000, 0x0000000083600000| Untracked 
|  15|0x0000000083700000, 0x0000000083700000, 0x0000000083800000|  0%| F|  |TAMS 0x0000000083700000, 0x0000000083700000| Untracked 
|  16|0x0000000083800000, 0x0000000083800000, 0x0000000083900000|  0%| F|  |TAMS 0x0000000083800000, 0x0000000083800000| Untracked 
|  17|0x0000000083900000, 0x0000000083900000, 0x0000000083a00000|  0%| F|  |TAMS 0x0000000083900000, 0x0000000083900000| Untracked 
|  18|0x0000000083a00000, 0x0000000083a00000, 0x0000000083b00000|  0%| F|  |TAMS 0x0000000083a00000, 0x0000000083a00000| Untracked 
|  19|0x0000000083b00000, 0x0000000083b00000, 0x0000000083c00000|  0%| F|  |TAMS 0x0000000083b00000, 0x0000000083b00000| Untracked 
|  20|0x0000000083c00000, 0x0000000083c00000, 0x0000000083d00000|  0%| F|  |TAMS 0x0000000083c00000, 0x0000000083c00000| Untracked 
|  21|0x0000000083d00000, 0x0000000083d00000, 0x0000000083e00000|  0%| F|  |TAMS 0x0000000083d00000, 0x0000000083d00000| Untracked 
|  22|0x0000000083e00000, 0x0000000083e00000, 0x0000000083f00000|  0%| F|  |TAMS 0x0000000083e00000, 0x0000000083e00000| Untracked 
|  23|0x0000000083f00000, 0x0000000083f00000, 0x0000000084000000|  0%| F|  |TAMS 0x0000000083f00000, 0x0000000083f00000| Untracked 
|  24|0x0000000084000000, 0x0000000084000000, 0x0000000084100000|  0%| F|  |TAMS 0x0000000084000000, 0x0000000084000000| Untracked 
|  25|0x0000000084100000, 0x0000000084100000, 0x0000000084200000|  0%| F|  |TAMS 0x0000000084100000, 0x0000000084100000| Untracked 
|  26|0x0000000084200000, 0x0000000084200000, 0x0000000084300000|  0%| F|  |TAMS 0x0000000084200000, 0x0000000084200000| Untracked 
|  27|0x0000000084300000, 0x0000000084300000, 0x0000000084400000|  0%| F|  |TAMS 0x0000000084300000, 0x0000000084300000| Untracked 
|  28|0x0000000084400000, 0x0000000084400000, 0x0000000084500000|  0%| F|  |TAMS 0x0000000084400000, 0x0000000084400000| Untracked 
|  29|0x0000000084500000, 0x0000000084500000, 0x0000000084600000|  0%| F|  |TAMS 0x0000000084500000, 0x0000000084500000| Untracked 
|  30|0x0000000084600000, 0x0000000084600000, 0x0000000084700000|  0%| F|  |TAMS 0x0000000084600000, 0x0000000084600000| Untracked 
|  31|0x0000000084700000, 0x0000000084700000, 0x0000000084800000|  0%| F|  |TAMS 0x0000000084700000, 0x0000000084700000| Untracked 
|  32|0x0000000084800000, 0x0000000084800000, 0x0000000084900000|  0%| F|  |TAMS 0x0000000084800000, 0x0000000084800000| Untracked 
|  33|0x0000000084900000, 0x0000000084900000, 0x0000000084a00000|  0%| F|  |TAMS 0x0000000084900000, 0x0000000084900000| Untracked 
|  34|0x0000000084a00000, 0x0000000084a00000, 0x0000000084b00000|  0%| F|  |TAMS 0x0000000084a00000, 0x0000000084a00000| Untracked 
|  35|0x0000000084b00000, 0x0000000084b00000, 0x0000000084c00000|  0%| F|  |TAMS 0x0000000084b00000, 0x0000000084b00000| Untracked 
|  36|0x0000000084c00000, 0x0000000084c00000, 0x0000000084d00000|  0%| F|  |TAMS 0x0000000084c00000, 0x0000000084c00000| Untracked 
|  37|0x0000000084d00000, 0x0000000084d00000, 0x0000000084e00000|  0%| F|  |TAMS 0x0000000084d00000, 0x0000000084d00000| Untracked 
|  38|0x0000000084e00000, 0x0000000084e00000, 0x0000000084f00000|  0%| F|  |TAMS 0x0000000084e00000, 0x0000000084e00000| Untracked 
|  39|0x0000000084f00000, 0x0000000084f00000, 0x0000000085000000|  0%| F|  |TAMS 0x0000000084f00000, 0x0000000084f00000| Untracked 
|  40|0x0000000085000000, 0x0000000085000000, 0x0000000085100000|  0%| F|  |TAMS 0x0000000085000000, 0x0000000085000000| Untracked 
|  41|0x0000000085100000, 0x0000000085100000, 0x0000000085200000|  0%| F|  |TAMS 0x0000000085100000, 0x0000000085100000| Untracked 
|  42|0x0000000085200000, 0x0000000085200000, 0x0000000085300000|  0%| F|  |TAMS 0x0000000085200000, 0x0000000085200000| Untracked 
|  43|0x0000000085300000, 0x0000000085300000, 0x0000000085400000|  0%| F|  |TAMS 0x0000000085300000, 0x0000000085300000| Untracked 
|  44|0x0000000085400000, 0x0000000085400000, 0x0000000085500000|  0%| F|  |TAMS 0x0000000085400000, 0x0000000085400000| Untracked 
|  45|0x0000000085500000, 0x0000000085500000, 0x0000000085600000|  0%| F|  |TAMS 0x0000000085500000, 0x0000000085500000| Untracked 
|  46|0x0000000085600000, 0x0000000085600000, 0x0000000085700000|  0%| F|  |TAMS 0x0000000085600000, 0x0000000085600000| Untracked 
|  47|0x0000000085700000, 0x0000000085700000, 0x0000000085800000|  0%| F|  |TAMS 0x0000000085700000, 0x0000000085700000| Untracked 
|  48|0x0000000085800000, 0x0000000085800000, 0x0000000085900000|  0%| F|  |TAMS 0x0000000085800000, 0x0000000085800000| Untracked 
|  49|0x0000000085900000, 0x0000000085900000, 0x0000000085a00000|  0%| F|  |TAMS 0x0000000085900000, 0x0000000085900000| Untracked 
|  50|0x0000000085a00000, 0x0000000085a00000, 0x0000000085b00000|  0%| F|  |TAMS 0x0000000085a00000, 0x0000000085a00000| Untracked 
|  51|0x0000000085b00000, 0x0000000085b00000, 0x0000000085c00000|  0%| F|  |TAMS 0x0000000085b00000, 0x0000000085b00000| Untracked 
|  52|0x0000000085c00000, 0x0000000085c00000, 0x0000000085d00000|  0%| F|  |TAMS 0x0000000085c00000, 0x0000000085c00000| Untracked 
|  53|0x0000000085d00000, 0x0000000085d00000, 0x0000000085e00000|  0%| F|  |TAMS 0x0000000085d00000, 0x0000000085d00000| Untracked 
|  54|0x0000000085e00000, 0x0000000085e00000, 0x0000000085f00000|  0%| F|  |TAMS 0x0000000085e00000, 0x0000000085e00000| Untracked 
|  55|0x0000000085f00000, 0x0000000085f00000, 0x0000000086000000|  0%| F|  |TAMS 0x0000000085f00000, 0x0000000085f00000| Untracked 
|  56|0x0000000086000000, 0x0000000086000000, 0x0000000086100000|  0%| F|  |TAMS 0x0000000086000000, 0x0000000086000000| Untracked 
|  57|0x0000000086100000, 0x0000000086100000, 0x0000000086200000|  0%| F|  |TAMS 0x0000000086100000, 0x0000000086100000| Untracked 
|  58|0x0000000086200000, 0x0000000086200000, 0x0000000086300000|  0%| F|  |TAMS 0x0000000086200000, 0x0000000086200000| Untracked 
|  59|0x0000000086300000, 0x0000000086300000, 0x0000000086400000|  0%| F|  |TAMS 0x0000000086300000, 0x0000000086300000| Untracked 
|  60|0x0000000086400000, 0x0000000086400000, 0x0000000086500000|  0%| F|  |TAMS 0x0000000086400000, 0x0000000086400000| Untracked 
|  61|0x0000000086500000, 0x0000000086500000, 0x0000000086600000|  0%| F|  |TAMS 0x0000000086500000, 0x0000000086500000| Untracked 
|  62|0x0000000086600000, 0x0000000086600000, 0x0000000086700000|  0%| F|  |TAMS 0x0000000086600000, 0x0000000086600000| Untracked 
|  63|0x0000000086700000, 0x0000000086700000, 0x0000000086800000|  0%| F|  |TAMS 0x0000000086700000, 0x0000000086700000| Untracked 
|  64|0x0000000086800000, 0x0000000086800000, 0x0000000086900000|  0%| F|  |TAMS 0x0000000086800000, 0x0000000086800000| Untracked 
|  65|0x0000000086900000, 0x0000000086900000, 0x0000000086a00000|  0%| F|  |TAMS 0x0000000086900000, 0x0000000086900000| Untracked 
|  66|0x0000000086a00000, 0x0000000086a00000, 0x0000000086b00000|  0%| F|  |TAMS 0x0000000086a00000, 0x0000000086a00000| Untracked 
|  67|0x0000000086b00000, 0x0000000086b00000, 0x0000000086c00000|  0%| F|  |TAMS 0x0000000086b00000, 0x0000000086b00000| Untracked 
|  68|0x0000000086c00000, 0x0000000086c00000, 0x0000000086d00000|  0%| F|  |TAMS 0x0000000086c00000, 0x0000000086c00000| Untracked 
|  69|0x0000000086d00000, 0x0000000086d00000, 0x0000000086e00000|  0%| F|  |TAMS 0x0000000086d00000, 0x0000000086d00000| Untracked 
|  70|0x0000000086e00000, 0x0000000086e00000, 0x0000000086f00000|  0%| F|  |TAMS 0x0000000086e00000, 0x0000000086e00000| Untracked 
|  71|0x0000000086f00000, 0x0000000086f00000, 0x0000000087000000|  0%| F|  |TAMS 0x0000000086f00000, 0x0000000086f00000| Untracked 
|  72|0x0000000087000000, 0x0000000087000000, 0x0000000087100000|  0%| F|  |TAMS 0x0000000087000000, 0x0000000087000000| Untracked 
|  73|0x0000000087100000, 0x0000000087100000, 0x0000000087200000|  0%| F|  |TAMS 0x0000000087100000, 0x0000000087100000| Untracked 
|  74|0x0000000087200000, 0x0000000087200000, 0x0000000087300000|  0%| F|  |TAMS 0x0000000087200000, 0x0000000087200000| Untracked 
|  75|0x0000000087300000, 0x0000000087300000, 0x0000000087400000|  0%| F|  |TAMS 0x0000000087300000, 0x0000000087300000| Untracked 
|  76|0x0000000087400000, 0x0000000087400000, 0x0000000087500000|  0%| F|  |TAMS 0x0000000087400000, 0x0000000087400000| Untracked 
|  77|0x0000000087500000, 0x0000000087500000, 0x0000000087600000|  0%| F|  |TAMS 0x0000000087500000, 0x0000000087500000| Untracked 
|  78|0x0000000087600000, 0x0000000087600000, 0x0000000087700000|  0%| F|  |TAMS 0x0000000087600000, 0x0000000087600000| Untracked 
|  79|0x0000000087700000, 0x0000000087700000, 0x0000000087800000|  0%| F|  |TAMS 0x0000000087700000, 0x0000000087700000| Untracked 
|  80|0x0000000087800000, 0x0000000087800000, 0x0000000087900000|  0%| F|  |TAMS 0x0000000087800000, 0x0000000087800000| Untracked 
|  81|0x0000000087900000, 0x0000000087900000, 0x0000000087a00000|  0%| F|  |TAMS 0x0000000087900000, 0x0000000087900000| Untracked 
|  82|0x0000000087a00000, 0x0000000087a00000, 0x0000000087b00000|  0%| F|  |TAMS 0x0000000087a00000, 0x0000000087a00000| Untracked 
|  83|0x0000000087b00000, 0x0000000087b00000, 0x0000000087c00000|  0%| F|  |TAMS 0x0000000087b00000, 0x0000000087b00000| Untracked 
|  84|0x0000000087c00000, 0x0000000087c00000, 0x0000000087d00000|  0%| F|  |TAMS 0x0000000087c00000, 0x0000000087c00000| Untracked 
|  85|0x0000000087d00000, 0x0000000087d00000, 0x0000000087e00000|  0%| F|  |TAMS 0x0000000087d00000, 0x0000000087d00000| Untracked 
|  86|0x0000000087e00000, 0x0000000087e00000, 0x0000000087f00000|  0%| F|  |TAMS 0x0000000087e00000, 0x0000000087e00000| Untracked 
|  87|0x0000000087f00000, 0x0000000087f00000, 0x0000000088000000|  0%| F|  |TAMS 0x0000000087f00000, 0x0000000087f00000| Untracked 
|  88|0x0000000088000000, 0x0000000088000000, 0x0000000088100000|  0%| F|  |TAMS 0x0000000088000000, 0x0000000088000000| Untracked 
|  89|0x0000000088100000, 0x0000000088100000, 0x0000000088200000|  0%| F|  |TAMS 0x0000000088100000, 0x0000000088100000| Untracked 
|  90|0x0000000088200000, 0x0000000088200000, 0x0000000088300000|  0%| F|  |TAMS 0x0000000088200000, 0x0000000088200000| Untracked 
|  91|0x0000000088300000, 0x0000000088300000, 0x0000000088400000|  0%| F|  |TAMS 0x0000000088300000, 0x0000000088300000| Untracked 
|  92|0x0000000088400000, 0x0000000088400000, 0x0000000088500000|  0%| F|  |TAMS 0x0000000088400000, 0x0000000088400000| Untracked 
|  93|0x0000000088500000, 0x0000000088500000, 0x0000000088600000|  0%| F|  |TAMS 0x0000000088500000, 0x0000000088500000| Untracked 
|  94|0x0000000088600000, 0x0000000088600000, 0x0000000088700000|  0%| F|  |TAMS 0x0000000088600000, 0x0000000088600000| Untracked 
|  95|0x0000000088700000, 0x0000000088700000, 0x0000000088800000|  0%| F|  |TAMS 0x0000000088700000, 0x0000000088700000| Untracked 
|  96|0x0000000088800000, 0x0000000088800000, 0x0000000088900000|  0%| F|  |TAMS 0x0000000088800000, 0x0000000088800000| Untracked 
|  97|0x0000000088900000, 0x0000000088900000, 0x0000000088a00000|  0%| F|  |TAMS 0x0000000088900000, 0x0000000088900000| Untracked 
|  98|0x0000000088a00000, 0x0000000088a00000, 0x0000000088b00000|  0%| F|  |TAMS 0x0000000088a00000, 0x0000000088a00000| Untracked 
|  99|0x0000000088b00000, 0x0000000088b00000, 0x0000000088c00000|  0%| F|  |TAMS 0x0000000088b00000, 0x0000000088b00000| Untracked 
| 100|0x0000000088c00000, 0x0000000088c00000, 0x0000000088d00000|  0%| F|  |TAMS 0x0000000088c00000, 0x0000000088c00000| Untracked 
| 101|0x0000000088d00000, 0x0000000088d00000, 0x0000000088e00000|  0%| F|  |TAMS 0x0000000088d00000, 0x0000000088d00000| Untracked 
| 102|0x0000000088e00000, 0x0000000088e00000, 0x0000000088f00000|  0%| F|  |TAMS 0x0000000088e00000, 0x0000000088e00000| Untracked 
| 103|0x0000000088f00000, 0x0000000088f00000, 0x0000000089000000|  0%| F|  |TAMS 0x0000000088f00000, 0x0000000088f00000| Untracked 
| 104|0x0000000089000000, 0x0000000089000000, 0x0000000089100000|  0%| F|  |TAMS 0x0000000089000000, 0x0000000089000000| Untracked 
| 105|0x0000000089100000, 0x0000000089100000, 0x0000000089200000|  0%| F|  |TAMS 0x0000000089100000, 0x0000000089100000| Untracked 
| 106|0x0000000089200000, 0x0000000089200000, 0x0000000089300000|  0%| F|  |TAMS 0x0000000089200000, 0x0000000089200000| Untracked 
| 107|0x0000000089300000, 0x0000000089300000, 0x0000000089400000|  0%| F|  |TAMS 0x0000000089300000, 0x0000000089300000| Untracked 
| 108|0x0000000089400000, 0x0000000089400000, 0x0000000089500000|  0%| F|  |TAMS 0x0000000089400000, 0x0000000089400000| Untracked 
| 109|0x0000000089500000, 0x00000000895eca98, 0x0000000089600000| 92%| E|  |TAMS 0x0000000089500000, 0x0000000089500000| Complete 
| 110|0x0000000089600000, 0x0000000089700000, 0x0000000089700000|100%| E|CS|TAMS 0x0000000089600000, 0x0000000089600000| Complete 
| 111|0x0000000089700000, 0x0000000089800000, 0x0000000089800000|100%| E|CS|TAMS 0x0000000089700000, 0x0000000089700000| Complete 
| 112|0x0000000089800000, 0x0000000089900000, 0x0000000089900000|100%| E|CS|TAMS 0x0000000089800000, 0x0000000089800000| Complete 
| 113|0x0000000089900000, 0x0000000089a00000, 0x0000000089a00000|100%| E|CS|TAMS 0x0000000089900000, 0x0000000089900000| Complete 
| 114|0x0000000089a00000, 0x0000000089b00000, 0x0000000089b00000|100%| E|CS|TAMS 0x0000000089a00000, 0x0000000089a00000| Complete 
| 115|0x0000000089b00000, 0x0000000089c00000, 0x0000000089c00000|100%| E|CS|TAMS 0x0000000089b00000, 0x0000000089b00000| Complete 
| 116|0x0000000089c00000, 0x0000000089d00000, 0x0000000089d00000|100%| E|CS|TAMS 0x0000000089c00000, 0x0000000089c00000| Complete 
| 117|0x0000000089d00000, 0x0000000089e00000, 0x0000000089e00000|100%| E|CS|TAMS 0x0000000089d00000, 0x0000000089d00000| Complete 
| 118|0x0000000089e00000, 0x0000000089f00000, 0x0000000089f00000|100%| E|CS|TAMS 0x0000000089e00000, 0x0000000089e00000| Complete 
| 119|0x0000000089f00000, 0x000000008a000000, 0x000000008a000000|100%| E|CS|TAMS 0x0000000089f00000, 0x0000000089f00000| Complete 
| 120|0x000000008a000000, 0x000000008a100000, 0x000000008a100000|100%| E|CS|TAMS 0x000000008a000000, 0x000000008a000000| Complete 
| 121|0x000000008a100000, 0x000000008a200000, 0x000000008a200000|100%| E|CS|TAMS 0x000000008a100000, 0x000000008a100000| Complete 
| 122|0x000000008a200000, 0x000000008a300000, 0x000000008a300000|100%| E|CS|TAMS 0x000000008a200000, 0x000000008a200000| Complete 
| 123|0x000000008a300000, 0x000000008a400000, 0x000000008a400000|100%| E|CS|TAMS 0x000000008a300000, 0x000000008a300000| Complete 
| 124|0x000000008a400000, 0x000000008a500000, 0x000000008a500000|100%| E|CS|TAMS 0x000000008a400000, 0x000000008a400000| Complete 
| 125|0x000000008a500000, 0x000000008a600000, 0x000000008a600000|100%| E|CS|TAMS 0x000000008a500000, 0x000000008a500000| Complete 

Card table byte_map: [0x00000212f15b0000,0x00000212f19a0000] _byte_map_base: 0x00000212f119c000

Marking Bits (Prev, Next): (CMBitMap*) 0x00000212d85f9810, (CMBitMap*) 0x00000212d85f9850
 Prev Bits: [0x00000212f1d90000, 0x00000212f3cf0000)
 Next Bits: [0x00000212f3cf0000, 0x00000212f5c50000)

Polling page: 0x00000212d86a0000

Metaspace:

Usage:
  Non-class:     10.58 MB used.
      Class:      1.36 MB used.
       Both:     11.94 MB used.

Virtual space:
  Non-class space:       16.00 MB reserved,      10.75 MB ( 67%) committed,  2 nodes.
      Class space:        1.00 GB reserved,       1.44 MB ( <1%) committed,  1 nodes.
              Both:        1.02 GB reserved,      12.19 MB (  1%) committed. 

Chunk freelists:
   Non-Class:  1023.00 KB
       Class:  2.60 MB
        Both:  3.60 MB

MaxMetaspaceSize: 17179869184.00 GB
CompressedClassSpaceSize: 1.00 GB
 - commit_granule_bytes: 65536.
 - commit_granule_words: 8192.
 - virtual_space_node_default_size: 1048576.
 - enlarge_chunks_in_place: 1.
 - new_chunks_are_fully_committed: 0.
 - uncommit_free_chunks: 1.
 - use_allocation_guard: 0.
 - handle_deallocations: 1.


Internal statistics:

num_allocs_failed_limit: 0.
num_arena_births: 126.
num_arena_deaths: 0.
num_vsnodes_births: 3.
num_vsnodes_deaths: 0.
num_space_committed: 195.
num_space_uncommitted: 0.
num_chunks_returned_to_freelist: 0.
num_chunks_taken_from_freelist: 184.
num_chunk_merges: 0.
num_chunk_splits: 105.
num_chunks_enlarged: 48.
num_purges: 0.

CodeHeap 'non-profiled nmethods': size=120000Kb used=579Kb max_used=579Kb free=119420Kb
 bounds [0x00000212e9010000, 0x00000212e9280000, 0x00000212f0540000]
CodeHeap 'profiled nmethods': size=120000Kb used=3305Kb max_used=3305Kb free=116695Kb
 bounds [0x00000212e1ae0000, 0x00000212e1e20000, 0x00000212e9010000]
CodeHeap 'non-nmethods': size=5760Kb used=1330Kb max_used=1354Kb free=4429Kb
 bounds [0x00000212e1540000, 0x00000212e17b0000, 0x00000212e1ae0000]
 total_blobs=2477 nmethods=1811 adapters=578
 compilation: enabled
              stopped_count=0, restarted_count=0
 full_count=0

Compilation events (20 events):
Event: 6.022 Thread 0x00000212f88f4e00 nmethod 1802 0x00000212e1e16b90 code [0x00000212e1e16dc0, 0x00000212e1e178c8]
Event: 6.022 Thread 0x00000212f88f4e00 1803       1       javax.swing.ActionMap::getParent (5 bytes)
Event: 6.022 Thread 0x00000212f88f4e00 nmethod 1803 0x00000212e909fd90 code [0x00000212e909ff20, 0x00000212e909fff8]
Event: 6.023 Thread 0x00000212f88f4e00 1804       1       javax.swing.text.DefaultCaret::getMark (5 bytes)
Event: 6.023 Thread 0x00000212f88f4e00 nmethod 1804 0x00000212e90a0090 code [0x00000212e90a0220, 0x00000212e90a02f8]
Event: 6.023 Thread 0x00000212f88f4e00 1805       3       javax.swing.text.AbstractDocument$LeafElement::getStartOffset (10 bytes)
Event: 6.023 Thread 0x00000212f88f4e00 nmethod 1805 0x00000212e1e17a90 code [0x00000212e1e17c40, 0x00000212e1e17e48]
Event: 6.023 Thread 0x00000212f88f4e00 1806  s    3       sun.java2d.StateTrackableDelegate::setUntrackable (33 bytes)
Event: 6.023 Thread 0x00000212f88f4e00 nmethod 1806 0x00000212e1e17f90 code [0x00000212e1e18160, 0x00000212e1e184c8]
Event: 6.023 Thread 0x00000212f88f4e00 1807       3       java.util.ArrayList::remove (26 bytes)
Event: 6.024 Thread 0x00000212f88f4e00 nmethod 1807 0x00000212e1e18590 code [0x00000212e1e18760, 0x00000212e1e18a78]
Event: 6.024 Thread 0x00000212f88e7080 1808 %     4       sun.java2d.marlin.DRenderer::_endRendering @ 256 (2480 bytes)
Event: 6.024 Thread 0x00000212f88f4e00 1809       1       javax.swing.text.JTextComponent::getCaret (5 bytes)
Event: 6.024 Thread 0x00000212f88f4e00 nmethod 1809 0x00000212e90a0390 code [0x00000212e90a0520, 0x00000212e90a05f8]
Event: 6.024 Thread 0x00000212f88f4e00 1810       1       javax.swing.JTextField::getHorizontalVisibility (5 bytes)
Event: 6.024 Thread 0x00000212f88f4e00 nmethod 1810 0x00000212e90a0690 code [0x00000212e90a0820, 0x00000212e90a08f8]
Event: 6.024 Thread 0x00000212f88f4e00 1811       3       java.util.HashMap::<init> (98 bytes)
Event: 6.025 Thread 0x00000212f88f4e00 nmethod 1811 0x00000212e1e18c10 code [0x00000212e1e18f20, 0x00000212e1e19ee8]
Event: 6.053 Thread 0x00000212f88f4e00 1812       1       java.awt.event.KeyEvent::getKeyCode (5 bytes)
Event: 6.053 Thread 0x00000212f88f4e00 nmethod 1812 0x00000212e90a0990 code [0x00000212e90a0b20, 0x00000212e90a0bf8]

GC Heap History (0 events):
No events

Deoptimization events (20 events):
Event: 0.527 Thread 0x00000212f9707560 Uncommon trap: trap_request=0xffffff45 fr.pc=0x00000212e907a654 relative=0x0000000000000374
Event: 0.527 Thread 0x00000212f9707560 Uncommon trap: reason=unstable_if action=reinterpret pc=0x00000212e907a654 method=java.awt.MultipleGradientPaintContext.indexIntoGradientsArrays(F)I @ 24 c2
Event: 0.527 Thread 0x00000212f9707560 DEOPT PACKING pc=0x00000212e907a654 sp=0x0000009c14dfce60
Event: 0.527 Thread 0x00000212f9707560 DEOPT UNPACKING pc=0x00000212e158d72e sp=0x0000009c14dfcde8 mode 2
Event: 0.562 Thread 0x00000212f9707560 DEOPT PACKING pc=0x00000212e1d4caa5 sp=0x0000009c14dfdef0
Event: 0.562 Thread 0x00000212f9707560 DEOPT UNPACKING pc=0x00000212e158dece sp=0x0000009c14dfd368 mode 0
Event: 0.562 Thread 0x00000212f9707560 DEOPT PACKING pc=0x00000212e1d4caa5 sp=0x0000009c14dfdef0
Event: 0.562 Thread 0x00000212f9707560 DEOPT UNPACKING pc=0x00000212e158dece sp=0x0000009c14dfd368 mode 0
Event: 3.003 Thread 0x00000212f9707560 DEOPT PACKING pc=0x00000212e1d3b589 sp=0x0000009c14dfd440
Event: 3.003 Thread 0x00000212f9707560 DEOPT UNPACKING pc=0x00000212e158dece sp=0x0000009c14dfc8c8 mode 0
Event: 3.006 Thread 0x00000212f9707560 DEOPT PACKING pc=0x00000212e1d3b589 sp=0x0000009c14dfd440
Event: 3.006 Thread 0x00000212f9707560 DEOPT UNPACKING pc=0x00000212e158dece sp=0x0000009c14dfc8c8 mode 0
Event: 4.393 Thread 0x00000212f9707560 DEOPT PACKING pc=0x00000212e1d39909 sp=0x0000009c14dfd670
Event: 4.393 Thread 0x00000212f9707560 DEOPT UNPACKING pc=0x00000212e158dece sp=0x0000009c14dfc9f8 mode 0
Event: 4.393 Thread 0x00000212f9707560 DEOPT PACKING pc=0x00000212e1d8b388 sp=0x0000009c14dfd930
Event: 4.393 Thread 0x00000212f9707560 DEOPT UNPACKING pc=0x00000212e158dece sp=0x0000009c14dfccc0 mode 0
Event: 5.917 Thread 0x00000212f9707560 DEOPT PACKING pc=0x00000212e1d1ff8d sp=0x0000009c14dfd640
Event: 5.917 Thread 0x00000212f9707560 DEOPT UNPACKING pc=0x00000212e158dece sp=0x0000009c14dfca90 mode 0
Event: 5.917 Thread 0x00000212f9707560 DEOPT PACKING pc=0x00000212e1d6d37f sp=0x0000009c14dfd920
Event: 5.917 Thread 0x00000212f9707560 DEOPT UNPACKING pc=0x00000212e158dece sp=0x0000009c14dfcd40 mode 0

Classes unloaded (0 events):
No events

Classes redefined (0 events):
No events

Internal exceptions (20 events):
Event: 0.180 Thread 0x00000212d85b7a80 Exception <a 'java/lang/ClassNotFoundException'{0x000000008a174fe8}: ToolBar> (0x000000008a174fe8) 
thrown [t:\workspace\open\src\hotspot\share\classfile\systemDictionary.cpp, line 256]
Event: 0.180 Thread 0x00000212d85b7a80 Exception <a 'java/lang/ClassNotFoundException'{0x000000008a175348}: Button> (0x000000008a175348) 
thrown [t:\workspace\open\src\hotspot\share\classfile\systemDictionary.cpp, line 256]
Event: 0.180 Thread 0x00000212d85b7a80 Exception <a 'java/lang/ClassNotFoundException'{0x000000008a175810}: ToolBar> (0x000000008a175810) 
thrown [t:\workspace\open\src\hotspot\share\classfile\systemDictionary.cpp, line 256]
Event: 0.180 Thread 0x00000212d85b7a80 Exception <a 'java/lang/ClassNotFoundException'{0x000000008a175b80}: ToggleButton> (0x000000008a175b80) 
thrown [t:\workspace\open\src\hotspot\share\classfile\systemDictionary.cpp, line 256]
Event: 0.180 Thread 0x00000212d85b7a80 Exception <a 'java/lang/ClassNotFoundException'{0x000000008a175fc0}: javax/swing/JToolBarSeparator> (0x000000008a175fc0) 
thrown [t:\workspace\open\src\hotspot\share\classfile\systemDictionary.cpp, line 256]
Event: 0.180 Thread 0x00000212d85b7a80 Exception <a 'java/lang/ClassNotFoundException'{0x000000008a1765a8}: ToolBarSeparator> (0x000000008a1765a8) 
thrown [t:\workspace\open\src\hotspot\share\classfile\systemDictionary.cpp, line 256]
Event: 0.180 Thread 0x00000212d85b7a80 Exception <a 'java/lang/ClassNotFoundException'{0x000000008a176ac0}: ToolTip> (0x000000008a176ac0) 
thrown [t:\workspace\open\src\hotspot\share\classfile\systemDictionary.cpp, line 256]
Event: 0.181 Thread 0x00000212d85b7a80 Exception <a 'java/lang/ClassNotFoundException'{0x000000008a177410}: Tree> (0x000000008a177410) 
thrown [t:\workspace\open\src\hotspot\share\classfile\systemDictionary.cpp, line 256]
Event: 0.181 Thread 0x00000212d85b7a80 Exception <a 'java/lang/ClassNotFoundException'{0x000000008a177908}: Tree> (0x000000008a177908) 
thrown [t:\workspace\open\src\hotspot\share\classfile\systemDictionary.cpp, line 256]
Event: 0.181 Thread 0x00000212d85b7a80 Exception <a 'java/lang/ClassNotFoundException'{0x000000008a177c78}: javax/swing/JTreeCell> (0x000000008a177c78) 
thrown [t:\workspace\open\src\hotspot\share\classfile\systemDictionary.cpp, line 256]
Event: 0.181 Thread 0x00000212d85b7a80 Exception <a 'java/lang/ClassNotFoundException'{0x000000008a177f78}: TreeCell> (0x000000008a177f78) 
thrown [t:\workspace\open\src\hotspot\share\classfile\systemDictionary.cpp, line 256]
Event: 0.181 Thread 0x00000212d85b7a80 Exception <a 'java/lang/ClassNotFoundException'{0x000000008a178738}: RootPane> (0x000000008a178738) 
thrown [t:\workspace\open\src\hotspot\share\classfile\systemDictionary.cpp, line 256]
Event: 0.182 Thread 0x00000212d85b7a80 Exception <a 'java/lang/ClassNotFoundException'{0x000000008a17b588}: com/sun/swing/internal/plaf/metal/resources/spi/metalProvider> (0x000000008a17b588) 
thrown [t:\workspace\open\src\hotspot\share\classfile\systemDictionary.cpp, line 256]
Event: 0.183 Thread 0x00000212d85b7a80 Exception <a 'java/lang/ClassNotFoundException'{0x000000008a17f348}: com/sun/swing/internal/plaf/basic/resources/spi/basicProvider> (0x000000008a17f348) 
thrown [t:\workspace\open\src\hotspot\share\classfile\systemDictionary.cpp, line 256]
Event: 0.196 Thread 0x00000212f9707560 Exception <a 'java/lang/ClassNotFoundException'{0x000000008a001cc0}: com/sun/swing/internal/plaf/synth/resources/spi/synthProvider> (0x000000008a001cc0) 
thrown [t:\workspace\open\src\hotspot\share\classfile\systemDictionary.cpp, line 256]
Event: 0.281 Thread 0x00000212f9707560 Exception <a 'java/lang/NoSuchMethodError'{0x0000000089e67ae0}: 'void java.lang.invoke.DirectMethodHandle$Holder.invokeStatic(java.lang.Object, java.lang.Object, java.lang.Object)'> (0x0000000089e67ae0) 
thrown [t:\workspace\open\src\hotspot\share\interpreter\linkResolver.cpp, line 790]
Event: 0.281 Thread 0x00000212f9707560 Exception <a 'java/lang/NoSuchMethodError'{0x0000000089e6e290}: 'void java.lang.invoke.DirectMethodHandle$Holder.invokeStatic(java.lang.Object, java.lang.Object)'> (0x0000000089e6e290) 
thrown [t:\workspace\open\src\hotspot\share\interpreter\linkResolver.cpp, line 790]
Event: 0.329 Thread 0x00000212f96b3a60 Exception <a 'java/lang/NoSuchMethodError'{0x000000008a3fb9f0}: 'void java.lang.invoke.DirectMethodHandle$Holder.invokeVirtual(java.lang.Object, java.lang.Object)'> (0x000000008a3fb9f0) 
thrown [t:\workspace\open\src\hotspot\share\interpreter\linkResolver.cpp, line 790]
Event: 0.337 Thread 0x00000212f9707560 Exception <a 'java/lang/NoSuchMethodError'{0x0000000089c1ae20}: 'void java.lang.invoke.DirectMethodHandle$Holder.invokeStaticInit(java.lang.Object)'> (0x0000000089c1ae20) 
thrown [t:\workspace\open\src\hotspot\share\interpreter\linkResolver.cpp, line 790]
Event: 0.409 Thread 0x00000212fa761480 Exception <a 'java/lang/NoSuchMethodError'{0x0000000089bc7ee0}: 'java.lang.Object java.lang.invoke.DirectMethodHandle$Holder.newInvokeSpecial(java.lang.Object, java.lang.Object, java.lang.Object, int, int, int, int, int)'> (0x0000000089bc7ee0) 
thrown [t:\workspace\open\src\hotspot\share\interpreter\linkResolver.cpp, line 790]

Events (20 events):
Event: 2.999 loading class javax/swing/JComponent$IntVector
Event: 2.999 loading class javax/swing/JComponent$IntVector done
Event: 2.999 loading class javax/swing/KeyboardManager
Event: 2.999 loading class javax/swing/KeyboardManager done
Event: 2.999 loading class javax/swing/Popup$HeavyWeightWindow
Event: 2.999 loading class sun/awt/ModalExclude
Event: 2.999 loading class sun/awt/ModalExclude done
Event: 2.999 loading class javax/swing/JWindow
Event: 2.999 loading class javax/swing/JWindow done
Event: 2.999 loading class javax/swing/Popup$HeavyWeightWindow done
Event: 3.000 loading class javax/swing/JComponent$ActionStandin
Event: 3.000 loading class javax/swing/JComponent$ActionStandin done
Event: 3.559 Executing  VM operation: Cleanup
Event: 3.559 Executing  VM operation: Cleanup done
Event: 4.574 Executing  VM operation: Cleanup
Event: 4.574 Executing  VM operation: Cleanup done
Event: 5.445 Thread 0x00000212fa761480 Thread exited: 0x00000212fa761480
Event: 5.586 Executing  VM operation: Cleanup
Event: 5.586 Executing  VM operation: Cleanup done
Event: 5.964 Thread 0x00000212fa9f4fb0 Thread added: 0x00000212fa9f4fb0


Dynamic libraries:
0x00007ff659440000 - 0x00007ff659450000 	C:\Program Files\Java\jdk-16.0.2\bin\java.exe
0x00007ffeb4bf0000 - 0x00007ffeb4de5000 	C:\Windows\SYSTEM32\ntdll.dll
0x00007ffeb4380000 - 0x00007ffeb443e000 	C:\Windows\System32\KERNEL32.DLL
0x00007ffeb2770000 - 0x00007ffeb2a39000 	C:\Windows\System32\KERNELBASE.dll
0x00007ffeadb10000 - 0x00007ffeadb28000 	C:\Program Files\Java\jdk-16.0.2\bin\jli.dll
0x00007ffeada20000 - 0x00007ffeada39000 	C:\Program Files\Java\jdk-16.0.2\bin\VCRUNTIME140.dll
0x00007ffeb2670000 - 0x00007ffeb2770000 	C:\Windows\System32\ucrtbase.dll
0x00007ffeb2c70000 - 0x00007ffeb2d1c000 	C:\Windows\System32\ADVAPI32.dll
0x00007ffeb3db0000 - 0x00007ffeb3e4e000 	C:\Windows\System32\msvcrt.dll
0x00007ffeb41a0000 - 0x00007ffeb423b000 	C:\Windows\System32\sechost.dll
0x00007ffeb2d20000 - 0x00007ffeb2e4a000 	C:\Windows\System32\RPCRT4.dll
0x00007ffeb3bf0000 - 0x00007ffeb3d91000 	C:\Windows\System32\USER32.dll
0x00007ffe9c170000 - 0x00007ffe9c40a000 	C:\Windows\WinSxS\amd64_microsoft.windows.common-controls_6595b64144ccf1df_6.0.19041.1110_none_60b5254171f9507e\COMCTL32.dll
0x00007ffeb2310000 - 0x00007ffeb2332000 	C:\Windows\System32\win32u.dll
0x00007ffeb4b80000 - 0x00007ffeb4bab000 	C:\Windows\System32\GDI32.dll
0x00007ffeb2340000 - 0x00007ffeb244b000 	C:\Windows\System32\gdi32full.dll
0x00007ffeb2ba0000 - 0x00007ffeb2c3d000 	C:\Windows\System32\msvcp_win.dll
0x00007ffead380000 - 0x00007ffead38a000 	C:\Windows\SYSTEM32\VERSION.dll
0x00007ffeb2c40000 - 0x00007ffeb2c70000 	C:\Windows\System32\IMM32.DLL
0x00007ffeadfe0000 - 0x00007ffeadfec000 	C:\Program Files\Java\jdk-16.0.2\bin\vcruntime140_1.dll
0x00007ffe852f0000 - 0x00007ffe85381000 	C:\Program Files\Java\jdk-16.0.2\bin\msvcp140.dll
0x00007ffe78b90000 - 0x00007ffe7973b000 	C:\Program Files\Java\jdk-16.0.2\bin\server\jvm.dll
0x00007ffeb3bc0000 - 0x00007ffeb3bc8000 	C:\Windows\System32\PSAPI.DLL
0x00007ffe95350000 - 0x00007ffe95377000 	C:\Windows\SYSTEM32\WINMM.dll
0x00007ffe9e690000 - 0x00007ffe9e699000 	C:\Windows\SYSTEM32\WSOCK32.dll
0x00007ffeb4130000 - 0x00007ffeb419b000 	C:\Windows\System32\WS2_32.dll
0x00007ffeb0230000 - 0x00007ffeb0242000 	C:\Windows\SYSTEM32\kernel.appcore.dll
0x00007ffeadbf0000 - 0x00007ffeadbfa000 	C:\Program Files\Java\jdk-16.0.2\bin\jimage.dll
0x00007ffeaa690000 - 0x00007ffeaa874000 	C:\Windows\SYSTEM32\DBGHELP.DLL
0x00007ffeaa430000 - 0x00007ffeaa45c000 	C:\Windows\SYSTEM32\dbgcore.DLL
0x00007ffeb2550000 - 0x00007ffeb25d3000 	C:\Windows\System32\bcryptPrimitives.dll
0x00007ffea1510000 - 0x00007ffea1535000 	C:\Program Files\Java\jdk-16.0.2\bin\java.dll
0x00007ffeb3480000 - 0x00007ffeb3bbf000 	C:\Windows\System32\SHELL32.dll
0x00007ffeb0430000 - 0x00007ffeb0bc0000 	C:\Windows\SYSTEM32\windows.storage.dll
0x00007ffeb47c0000 - 0x00007ffeb4b15000 	C:\Windows\System32\combase.dll
0x00007ffeb1d60000 - 0x00007ffeb1d8c000 	C:\Windows\SYSTEM32\Wldp.dll
0x00007ffeb44a0000 - 0x00007ffeb454e000 	C:\Windows\System32\SHCORE.dll
0x00007ffeb4630000 - 0x00007ffeb4685000 	C:\Windows\System32\shlwapi.dll
0x00007ffeb2250000 - 0x00007ffeb226f000 	C:\Windows\SYSTEM32\profapi.dll
0x00007ffead6e0000 - 0x00007ffead6f9000 	C:\Program Files\Java\jdk-16.0.2\bin\net.dll
0x00007ffeab410000 - 0x00007ffeab518000 	C:\Windows\SYSTEM32\WINHTTP.dll
0x00007ffeb1ac0000 - 0x00007ffeb1b2a000 	C:\Windows\system32\mswsock.dll
0x00007ffead430000 - 0x00007ffead443000 	C:\Program Files\Java\jdk-16.0.2\bin\nio.dll
0x00007ffe855b0000 - 0x00007ffe85730000 	C:\Program Files\Java\jdk-16.0.2\bin\awt.dll
0x00007ffeb3f70000 - 0x00007ffeb403d000 	C:\Windows\System32\OLEAUT32.dll
0x00007ffeafb90000 - 0x00007ffeafc20000 	C:\Windows\SYSTEM32\apphelp.dll
0x00007ffeafd70000 - 0x00007ffeafe0e000 	C:\Windows\system32\uxtheme.dll
0x00007ffeb3e50000 - 0x00007ffeb3f65000 	C:\Windows\System32\MSCTF.dll
0x00007ffeb4690000 - 0x00007ffeb47ba000 	C:\Windows\System32\ole32.dll
0x00007ffeb0050000 - 0x00007ffeb007f000 	C:\Windows\system32\DWMAPI.DLL
0x00007ffe818d0000 - 0x00007ffe81959000 	C:\Program Files\Java\jdk-16.0.2\bin\freetype.dll
0x00007ffe801f0000 - 0x00007ffe802e6000 	C:\Program Files\Java\jdk-16.0.2\bin\harfbuzz.dll
0x00007ffea1340000 - 0x00007ffea1352000 	C:\Program Files\Java\jdk-16.0.2\bin\fontmanager.dll
0x00007ffea00e0000 - 0x00007ffea0205000 	C:\Windows\system32\opengl32.dll
0x00007ffea8360000 - 0x00007ffea838c000 	C:\Windows\SYSTEM32\GLU32.dll
0x00007ffeb4240000 - 0x00007ffeb42e9000 	C:\Windows\System32\clbcatq.dll
0x00007ffea79d0000 - 0x00007ffea7b84000 	C:\Windows\SYSTEM32\WindowsCodecs.dll
0x00007ffeb2640000 - 0x00007ffeb2667000 	C:\Windows\System32\bcrypt.dll
0x00007ffea1c20000 - 0x00007ffea1c5e000 	C:\Windows\system32\dataexchange.dll
0x00007ffeaf090000 - 0x00007ffeaf276000 	C:\Windows\system32\dcomp.dll
0x00007ffeae860000 - 0x00007ffeaeac4000 	C:\Windows\system32\d3d11.dll
0x00007ffeb0c00000 - 0x00007ffeb0cf4000 	C:\Windows\system32\dxgi.dll
0x00007ffeabfa0000 - 0x00007ffeac1a1000 	C:\Windows\system32\twinapi.appcore.dll
0x00007ffea7f20000 - 0x00007ffea7f38000 	C:\Program Files\Java\jdk-16.0.2\bin\zip.dll
0x00007ffeacdc0000 - 0x00007ffeaceb9000 	C:\Windows\SYSTEM32\textinputframework.dll
0x00007ffeaf600000 - 0x00007ffeaf95e000 	C:\Windows\System32\CoreUIComponents.dll
0x00007ffeaf960000 - 0x00007ffeafa52000 	C:\Windows\System32\CoreMessaging.dll
0x00007ffeb1000000 - 0x00007ffeb1033000 	C:\Windows\SYSTEM32\ntmarta.dll
0x00007ffeaef30000 - 0x00007ffeaf084000 	C:\Windows\SYSTEM32\wintypes.dll

dbghelp: loaded successfully - version: 4.0.5 - missing functions: none
symbol engine: initialized successfully - sym options: 0x614 - pdb path: .;C:\Program Files\Java\jdk-16.0.2\bin;C:\Windows\SYSTEM32;C:\Windows\WinSxS\amd64_microsoft.windows.common-controls_6595b64144ccf1df_6.0.19041.1110_none_60b5254171f9507e;C:\Program Files\Java\jdk-16.0.2\bin\server

VM Arguments:
jvm_args: -Dfile.encoding=UTF-8 --module-path=C:\Users\USER\Documents\NetBeansProjects\ProyectoFinal\build\classes 
java_command: Ventanas.Boleta
java_class_path (initial): C:\Users\USER\Documents\NetBeansProjects\ProyectoFinal\build\classes
Launcher Type: SUN_STANDARD

[Global flags]
     intx CICompilerCount                          = 4                                         {product} {ergonomic}
     uint ConcGCThreads                            = 3                                         {product} {ergonomic}
     uint G1ConcRefinementThreads                  = 10                                        {product} {ergonomic}
   size_t G1HeapRegionSize                         = 1048576                                   {product} {ergonomic}
    uintx GCDrainStackTargetSize                   = 64                                        {product} {ergonomic}
   size_t InitialHeapSize                          = 132120576                                 {product} {ergonomic}
   size_t MarkStackSize                            = 4194304                                   {product} {ergonomic}
   size_t MaxHeapSize                              = 2105540608                                {product} {ergonomic}
   size_t MaxNewSize                               = 1262485504                                {product} {ergonomic}
   size_t MinHeapDeltaBytes                        = 1048576                                   {product} {ergonomic}
   size_t MinHeapSize                              = 8388608                                   {product} {ergonomic}
    uintx NonNMethodCodeHeapSize                   = 5839372                                {pd product} {ergonomic}
    uintx NonProfiledCodeHeapSize                  = 122909434                              {pd product} {ergonomic}
    uintx ProfiledCodeHeapSize                     = 122909434                              {pd product} {ergonomic}
    uintx ReservedCodeCacheSize                    = 251658240                              {pd product} {ergonomic}
     bool SegmentedCodeCache                       = true                                      {product} {ergonomic}
   size_t SoftMaxHeapSize                          = 2105540608                             {manageable} {ergonomic}
     bool UseCompressedClassPointers               = true                           {product lp64_product} {ergonomic}
     bool UseCompressedOops                        = true                           {product lp64_product} {ergonomic}
     bool UseG1GC                                  = true                                      {product} {ergonomic}
     bool UseLargePagesIndividualAllocation        = false                                  {pd product} {ergonomic}

Logging:
Log output configuration:
 #0: stdout all=warning uptime,level,tags
 #1: stderr all=off uptime,level,tags

Environment Variables:
PATH=C:\Program Files\Microsoft MPI\Bin\;C:\Program Files\Common Files\Oracle\Java\javapath;C:\Windows\system32;C:\Windows;C:\Windows\System32\Wbem;C:\Windows\System32\WindowsPowerShell\v1.0\;C:\Windows\System32\OpenSSH\;C:\Program Files (x86)\Microsoft SQL Server\150\Tools\Binn\;C:\Program Files\Microsoft SQL Server\150\Tools\Binn\;C:\Program Files (x86)\Microsoft SQL Server\150\DTS\Binn\;C:\Program Files\Microsoft SQL Server\150\DTS\Binn\;C:\Program Files\Microsoft SQL Server\Client SDK\ODBC\170\Tools\Binn\;C:\Program Files\Azure Data Studio\bin;C:\Users\USER\AppData\Local\Programs\Python\Python39\Scripts\;C:\Users\USER\AppData\Local\Programs\Python\Python39\;C:\Users\USER\AppData\Local\Microsoft\WindowsApps;C:\Program Files\Inkscape\bin;C:\Users\USER\AppData\Local\Programs\Microsoft VS Code\bin;C:\Program Files\Azure Data Studio\bin
USERNAME=Laguna
OS=Windows_NT
PROCESSOR_IDENTIFIER=Intel64 Family 6 Model 165 Stepping 5, GenuineIntel



---------------  S Y S T E M  ---------------

OS:
 Windows 10 , 64 bit Build 19041 (10.0.19041.1202)
OS uptime: 8 days 12:57 hours

CPU: total 12 (initial active 12) (6 cores per cpu, 2 threads per core) family 6 model 165 stepping 5 microcode 0xe2, cx8, cmov, fxsr, ht, mmx, 3dnowpref, sse, sse2, sse3, ssse3, sse4.1, sse4.2, popcnt, lzcnt, tsc, tscinvbit, avx, avx2, aes, erms, clmul, bmi1, bmi2, adx, fma, vzeroupper, clflush, clflushopt

Memory: 4k page, system-wide physical 8031M (515M free)
TotalPageFile size 32607M (AvailPageFile size 2M)
current process WorkingSet (physical memory assigned to process): 89M, peak: 89M
current process commit charge ("private bytes"): 240M, peak: 241M

vm_info: Java HotSpot(TM) 64-Bit Server VM (16.0.2+7-67) for windows-amd64 JRE (16.0.2+7-67), built on Jun  8 2021 23:24:19 by "mach5one" with MS VC++ 16.7 (VS2019)

END.
