#
# There is insufficient memory for the Java Runtime Environment to continue.
# Native memory allocation (mmap) failed to map 132120576 bytes for G1 virtual space
# Possible reasons:
#   The system is out of physical RAM or swap space
#   The process is running with CompressedOops enabled, and the Java Heap may be blocking the growth of the native heap
# Possible solutions:
#   Reduce memory load on the system
#   Increase physical memory or swap space
#   Check if swap backing store is full
#   Decrease Java heap size (-Xmx/-Xms)
#   Decrease number of Java threads
#   Decrease Java thread stack sizes (-Xss)
#   Set larger code cache with -XX:ReservedCodeCacheSize=
#   JVM is running with Unscaled Compressed Oops mode in which the Java heap is
#     placed in the first 4GB address space. The Java Heap base address is the
#     maximum limit for the native heap growth. Please use -XX:HeapBaseMinAddress
#     to set the Java Heap base and to place the Java Heap above 4GB virtual address.
# This output file may be truncated or incomplete.
#
#  Out of Memory Error (os_windows.cpp:3466), pid=13280, tid=15056
#
# JRE version:  (16.0.2+7) (build )
# Java VM: Java HotSpot(TM) 64-Bit Server VM (16.0.2+7-67, mixed mode, sharing, tiered, compressed oops, compressed class ptrs, g1 gc, windows-amd64)
# No core dump will be written. Minidumps are not enabled by default on client versions of Windows
#

---------------  S U M M A R Y ------------

Command Line: -Dfile.encoding=UTF-8 --module-path=C:\Users\USER\Documents\NetBeansProjects\ProyectoFinal\build\classes Ventanas.Boleta

Host: Intel(R) Core(TM) i5-10400 CPU @ 2.90GHz, 12 cores, 7G,  Windows 10 , 64 bit Build 19041 (10.0.19041.1202)
Time: Fri Sep 24 02:17:59 2021 Hora est. Pacífico, Sudamérica elapsed time: 0.008716 seconds (0d 0h 0m 0s)

---------------  T H R E A D  ---------------

Current thread (0x000001b71b517a60):  JavaThread "Unknown thread" [_thread_in_vm, id=15056, stack(0x0000005393000000,0x0000005393100000)]

Stack: [0x0000005393000000,0x0000005393100000]
Native frames: (J=compiled Java code, j=interpreted, Vv=VM code, C=native code)
V  [jvm.dll+0x6681ca]
V  [jvm.dll+0x7c9e69]
V  [jvm.dll+0x7cb61e]
V  [jvm.dll+0x7cbc73]
V  [jvm.dll+0x242c55]
V  [jvm.dll+0x664f89]
V  [jvm.dll+0x659b75]
V  [jvm.dll+0x2fbfbb]
V  [jvm.dll+0x3031b6]
V  [jvm.dll+0x35299e]
V  [jvm.dll+0x352bcf]
V  [jvm.dll+0x2d3028]
V  [jvm.dll+0x2d4264]
V  [jvm.dll+0x79c741]
V  [jvm.dll+0x360791]
V  [jvm.dll+0x77a3f0]
V  [jvm.dll+0x3e4e8f]
V  [jvm.dll+0x3e6961]
C  [jli.dll+0x52fb]
C  [ucrtbase.dll+0x21bb2]
C  [KERNEL32.DLL+0x17034]
C  [ntdll.dll+0x52651]


---------------  P R O C E S S  ---------------

Threads class SMR info:
_java_thread_list=0x00007ffe593ecbb8, length=0, elements={
}

Java Threads: ( => current thread )

Other Threads:
  0x000001b71b556ce0 GCTaskThread "GC Thread#0" [stack: 0x0000005393100000,0x0000005393200000] [id=15668]
  0x000001b71b568930 ConcurrentGCThread "G1 Main Marker" [stack: 0x0000005393200000,0x0000005393300000] [id=17404]
  0x000001b71b56ab50 ConcurrentGCThread "G1 Conc#0" [stack: 0x0000005393300000,0x0000005393400000] [id=11228]

[error occurred during error reporting (printing all threads), id 0xc0000005, EXCEPTION_ACCESS_VIOLATION (0xc0000005) at pc=0x00007ffe58bc3ee7]

VM state: not at safepoint (not fully initialized)

VM Mutex/Monitor currently owned by a thread:  ([mutex/lock_event])
[0x000001b71b514c90] Heap_lock - owner thread: 0x000001b71b517a60

Heap address: 0x0000000082800000, size: 2008 MB, Compressed Oops mode: 32-bit

CDS archive(s) mapped at: [0x0000000000000000-0x0000000000000000-0x0000000000000000), size 0, SharedBaseAddress: 0x0000000800000000, ArchiveRelocationMode: 0.
Narrow klass base: 0x0000000000000000, Narrow klass shift: 0, Narrow klass range: 0x0

GC Precious Log:
<Empty>

Heap:
 garbage-first heap   total 0K, used 0K [0x0000000082800000, 0x0000000100000000)
  region size 1024K, 0 young (0K), 0 survivors (0K)

[error occurred during error reporting (printing heap information), id 0xc0000005, EXCEPTION_ACCESS_VIOLATION (0xc0000005) at pc=0x00007ffe58fa1eed]

GC Heap History (0 events):
No events

Deoptimization events (0 events):
No events

Classes unloaded (0 events):
No events

Classes redefined (0 events):
No events

Internal exceptions (0 events):
No events

Events (1 events):
Event: 0.004 Loaded shared library C:\Program Files\Java\jdk-16.0.2\bin\java.dll


Dynamic libraries:
0x00007ff6f1a60000 - 0x00007ff6f1a70000 	C:\Program Files\Java\jdk-16.0.2\bin\java.exe
0x00007ffeb4bf0000 - 0x00007ffeb4de5000 	C:\Windows\SYSTEM32\ntdll.dll
0x00007ffeb4380000 - 0x00007ffeb443e000 	C:\Windows\System32\KERNEL32.DLL
0x00007ffeb2770000 - 0x00007ffeb2a39000 	C:\Windows\System32\KERNELBASE.dll
0x00007ffeb2670000 - 0x00007ffeb2770000 	C:\Windows\System32\ucrtbase.dll
0x00007ffead430000 - 0x00007ffead449000 	C:\Program Files\Java\jdk-16.0.2\bin\VCRUNTIME140.dll
0x00007ffeadab0000 - 0x00007ffeadac8000 	C:\Program Files\Java\jdk-16.0.2\bin\jli.dll
0x00007ffeb2c70000 - 0x00007ffeb2d1c000 	C:\Windows\System32\ADVAPI32.dll
0x00007ffeb3db0000 - 0x00007ffeb3e4e000 	C:\Windows\System32\msvcrt.dll
0x00007ffeb41a0000 - 0x00007ffeb423b000 	C:\Windows\System32\sechost.dll
0x00007ffeb2d20000 - 0x00007ffeb2e4a000 	C:\Windows\System32\RPCRT4.dll
0x00007ffeb3bf0000 - 0x00007ffeb3d91000 	C:\Windows\System32\USER32.dll
0x00007ffe9c170000 - 0x00007ffe9c40a000 	C:\Windows\WinSxS\amd64_microsoft.windows.common-controls_6595b64144ccf1df_6.0.19041.1110_none_60b5254171f9507e\COMCTL32.dll
0x00007ffeb2310000 - 0x00007ffeb2332000 	C:\Windows\System32\win32u.dll
0x00007ffeb4b80000 - 0x00007ffeb4bab000 	C:\Windows\System32\GDI32.dll
0x00007ffeb2340000 - 0x00007ffeb244b000 	C:\Windows\System32\gdi32full.dll
0x00007ffeb2ba0000 - 0x00007ffeb2c3d000 	C:\Windows\System32\msvcp_win.dll
0x00007ffead380000 - 0x00007ffead38a000 	C:\Windows\SYSTEM32\VERSION.dll
0x00007ffeb2c40000 - 0x00007ffeb2c70000 	C:\Windows\System32\IMM32.DLL
0x00007ffeadbd0000 - 0x00007ffeadbdc000 	C:\Program Files\Java\jdk-16.0.2\bin\vcruntime140_1.dll
0x00007ffe68b00000 - 0x00007ffe68b91000 	C:\Program Files\Java\jdk-16.0.2\bin\msvcp140.dll
0x00007ffe588e0000 - 0x00007ffe5948b000 	C:\Program Files\Java\jdk-16.0.2\bin\server\jvm.dll
0x00007ffeb3bc0000 - 0x00007ffeb3bc8000 	C:\Windows\System32\PSAPI.DLL
0x00007ffe9e690000 - 0x00007ffe9e699000 	C:\Windows\SYSTEM32\WSOCK32.dll
0x00007ffe95350000 - 0x00007ffe95377000 	C:\Windows\SYSTEM32\WINMM.dll
0x00007ffeb4130000 - 0x00007ffeb419b000 	C:\Windows\System32\WS2_32.dll
0x00007ffeb0230000 - 0x00007ffeb0242000 	C:\Windows\SYSTEM32\kernel.appcore.dll
0x00007ffeadaa0000 - 0x00007ffeadaaa000 	C:\Program Files\Java\jdk-16.0.2\bin\jimage.dll
0x00007ffeaa690000 - 0x00007ffeaa874000 	C:\Windows\SYSTEM32\DBGHELP.DLL
0x00007ffeaa430000 - 0x00007ffeaa45c000 	C:\Windows\SYSTEM32\dbgcore.DLL
0x00007ffeb2550000 - 0x00007ffeb25d3000 	C:\Windows\System32\bcryptPrimitives.dll
0x00007ffea7fa0000 - 0x00007ffea7fc5000 	C:\Program Files\Java\jdk-16.0.2\bin\java.dll

dbghelp: loaded successfully - version: 4.0.5 - missing functions: none
symbol engine: initialized successfully - sym options: 0x614 - pdb path: .;C:\Program Files\Java\jdk-16.0.2\bin;C:\Windows\SYSTEM32;C:\Windows\WinSxS\amd64_microsoft.windows.common-controls_6595b64144ccf1df_6.0.19041.1110_none_60b5254171f9507e;C:\Program Files\Java\jdk-16.0.2\bin\server

VM Arguments:
jvm_args: -Dfile.encoding=UTF-8 --module-path=C:\Users\USER\Documents\NetBeansProjects\ProyectoFinal\build\classes 
java_command: Ventanas.Boleta
java_class_path (initial): C:\Users\USER\Documents\NetBeansProjects\ProyectoFinal\build\classes
Launcher Type: SUN_STANDARD

[Global flags]
     intx CICompilerCount                          = 4                                         {product} {ergonomic}
     uint ConcGCThreads                            = 3                                         {product} {ergonomic}
     uint G1ConcRefinementThreads                  = 10                                        {product} {ergonomic}
   size_t G1HeapRegionSize                         = 1048576                                   {product} {ergonomic}
    uintx GCDrainStackTargetSize                   = 64                                        {product} {ergonomic}
   size_t InitialHeapSize                          = 132120576                                 {product} {ergonomic}
   size_t MarkStackSize                            = 4194304                                   {product} {ergonomic}
   size_t MaxHeapSize                              = 2105540608                                {product} {ergonomic}
   size_t MinHeapDeltaBytes                        = 1048576                                   {product} {ergonomic}
   size_t MinHeapSize                              = 8388608                                   {product} {ergonomic}
    uintx NonNMethodCodeHeapSize                   = 5839372                                {pd product} {ergonomic}
    uintx NonProfiledCodeHeapSize                  = 122909434                              {pd product} {ergonomic}
    uintx ProfiledCodeHeapSize                     = 122909434                              {pd product} {ergonomic}
    uintx ReservedCodeCacheSize                    = 251658240                              {pd product} {ergonomic}
     bool SegmentedCodeCache                       = true                                      {product} {ergonomic}
   size_t SoftMaxHeapSize                          = 2105540608                             {manageable} {ergonomic}
     bool UseCompressedClassPointers               = true                           {product lp64_product} {ergonomic}
     bool UseCompressedOops                        = true                           {product lp64_product} {ergonomic}
     bool UseG1GC                                  = true                                      {product} {ergonomic}
     bool UseLargePagesIndividualAllocation        = false                                  {pd product} {ergonomic}

Logging:
Log output configuration:
 #0: stdout all=warning uptime,level,tags
 #1: stderr all=off uptime,level,tags

Environment Variables:
PATH=C:\Program Files\Microsoft MPI\Bin\;C:\Program Files\Common Files\Oracle\Java\javapath;C:\Windows\system32;C:\Windows;C:\Windows\System32\Wbem;C:\Windows\System32\WindowsPowerShell\v1.0\;C:\Windows\System32\OpenSSH\;C:\Program Files (x86)\Microsoft SQL Server\150\Tools\Binn\;C:\Program Files\Microsoft SQL Server\150\Tools\Binn\;C:\Program Files (x86)\Microsoft SQL Server\150\DTS\Binn\;C:\Program Files\Microsoft SQL Server\150\DTS\Binn\;C:\Program Files\Microsoft SQL Server\Client SDK\ODBC\170\Tools\Binn\;C:\Program Files\Azure Data Studio\bin;C:\Users\USER\AppData\Local\Programs\Python\Python39\Scripts\;C:\Users\USER\AppData\Local\Programs\Python\Python39\;C:\Users\USER\AppData\Local\Microsoft\WindowsApps;C:\Program Files\Inkscape\bin;C:\Users\USER\AppData\Local\Programs\Microsoft VS Code\bin;C:\Program Files\Azure Data Studio\bin
USERNAME=Laguna
OS=Windows_NT
PROCESSOR_IDENTIFIER=Intel64 Family 6 Model 165 Stepping 5, GenuineIntel



---------------  S Y S T E M  ---------------

OS:
 Windows 10 , 64 bit Build 19041 (10.0.19041.1202)
OS uptime: 8 days 12:32 hours

CPU: total 12 (initial active 12) (6 cores per cpu, 2 threads per core) family 6 model 165 stepping 5 microcode 0xe2, cx8, cmov, fxsr, ht, mmx, 3dnowpref, sse, sse2, sse3, ssse3, sse4.1, sse4.2, popcnt, lzcnt, tsc, tscinvbit, avx, avx2, aes, erms, clmul, bmi1, bmi2, adx, fma, vzeroupper, clflush, clflushopt

Memory: 4k page, system-wide physical 8031M (604M free)
TotalPageFile size 32588M (AvailPageFile size 94M)
current process WorkingSet (physical memory assigned to process): 10M, peak: 10M
current process commit charge ("private bytes"): 64M, peak: 190M

vm_info: Java HotSpot(TM) 64-Bit Server VM (16.0.2+7-67) for windows-amd64 JRE (16.0.2+7-67), built on Jun  8 2021 23:24:19 by "mach5one" with MS VC++ 16.7 (VS2019)

END.
